<?xml version="1.0" encoding="UTF-8"?>
<!-- Generated by org.testng.reporters.JUnitReportReporter -->
<testsuite hostname="apoorvanayal" failures="0" tests="1" name="BasicMavenDemo.Test1" time="13.479" errors="0" timestamp="2024-07-15T18:21:12 IST" skipped="0">
  <testcase classname="BasicMavenDemo.Test1" name="test1" time="13.479"/>
</testsuite> <!-- BasicMavenDemo.Test1 -->
