<?xml version="1.0" encoding="UTF-8"?>
<!-- Generated by org.testng.reporters.JUnitReportReporter -->
<testsuite hostname="apoorvanayal" failures="0" tests="1" name="BasicMavenDemo.BrowserStackDemo" time="28.290" errors="0" timestamp="2024-07-15T17:42:50 IST" skipped="0">
  <testcase classname="BasicMavenDemo.BrowserStackDemo" name="googlesearch" time="28.290"/>
</testsuite> <!-- BasicMavenDemo.BrowserStackDemo -->
