<?xml version="1.0" encoding="UTF-8"?>
<!-- Generated by org.testng.reporters.JUnitReportReporter -->
<testsuite hostname="apoorvanayal" failures="0" tests="1" name="BasicMavenDemo.MavenDemo" time="1.934" errors="0" timestamp="2024-06-26T13:00:52 IST" skipped="0">
  <testcase classname="BasicMavenDemo.MavenDemo" name="googlesearch" time="1.934"/>
</testsuite> <!-- BasicMavenDemo.MavenDemo -->
